p2(X)
[ 1.54677864, -0.04117196,  ]
Error : 9.14546284
#################################
p3(X)
[ 1.52131649, -0.02386614, -0.00189471,  ]
Error : 9.13827151
#################################
p4(X)
[ 1.73041400, -0.31900497, 0.07910193, -0.00585174,  ]
Error : 8.77793490
#################################
p5(X)
[ 1.49277295, 0.23763775, -0.19653699, 0.04083535, -0.00253122,  ]
Error : 8.37581296
#################################
p6(X)
[ 1.29074078, 0.99210548, -0.80090253, 0.21985893, -0.02461536, 0.00096223,  ]
Error : 8.05793956
#################################
p7(X)
[ 1.23243987, 1.33194218, -1.20303502, 0.40121984, -0.06224475, 0.00459336, -0.00013204,  ]
Error : 8.02522385
#################################
p8(X)
[ 0.55508919, 7.29787203, -10.87883966, 6.47830534, -1.90970373, 0.29567537, -0.02300999, 0.00070913,  ]
Error : 2.81526528
#################################
p9(X)
[ 0.72559012, 5.08810185, -6.16651685, 2.54164959, -0.26885816, -0.07927321, 0.02473808, -0.00246923, 0.00008617,  ]
Error : 2.42030553
#################################
p10(X)
[ 0.97609854, 0.36288960, 6.78719788, -11.44194817, 7.40281407, -2.46436025, 0.46273558, -0.04951485, 0.00281747, -0.00006617,  ]
Error : 1.21973363
#################################
p11(X)
[ 0.99004314, -0.01580193, 8.08110504, -13.17751468, 8.59884329, -2.94157723, 0.57930843, -0.06721087, 0.00444567, -0.00014929, 0.00000181,  ]
Error : 1.21512499
#################################
p12(X)
[ 1.10771273, -4.51205136, 26.74374929, -43.54207624, 34.24533777, -15.69457191, 4.55856047, -0.86829816, 0.10839046, -0.00854446, 0.00038566, -0.00000759,  ]
Error : 0.80565072
#################################
p13(X)
[ 1.08921679, -3.56699790, 22.13425415, -34.72160412, 25.40378967, -10.40867164, 2.53950399, -0.35769530, 0.02187773, 0.00116946, -0.00030783, 0.00002091, -0.00000051,  ]
Error : 0.75122138
#################################
p14(X)
[ 1.14585269, -6.29907540, 35.15630560, -59.19598959, 49.58925471, -24.71388884, 7.96581702, -1.72645892, 0.25454158, -0.02527011, 0.00163269, -0.00006402, 0.00000132, -0.00000001,  ]
Error : 0.93419084
#################################
p15(X)
[ 1.10394470, -4.42434308, 26.61568056, -43.91663993, 35.31063986, -16.78017063, 5.14944962, -1.05717440, 0.14336177, -0.01149360, 0.00022932, 0.00006019, -0.00000736, 0.00000038, -0.00000001,  ]
Error : 0.86243966
#################################
p16(X)
[ 1.10244232, -3.73541496, 21.88595650, -32.59149318, 22.00187342, -7.95012313, 1.63286717, -0.21365207, 0.03184273, -0.00675245, 0.00079502, 0.00003584, -0.00002228, 0.00000270, -0.00000015, 0.00000000,  ]
Error : 0.52270914
#################################
p17(X)
[ 1.18503903, -7.19634896, 37.12069201, -58.70119429, 44.89346322, -19.44666120, 5.10230615, -0.85755439, 0.11424690, -0.01866333, 0.00302998, -0.00021750, -0.00002606, 0.00000750, -0.00000073, 0.00000003, -0.00000000,  ]
Error : 0.97915664
#################################
p18(X)
[ 0.82864496, 8.34445359, -31.50638411, 57.48738502, -53.69756202, 26.82468574, -7.00433620, 0.72008645, 0.05232595, -0.01279130, -0.00126634, 0.00023170, 0.00005218, -0.00001188, 0.00000043, 0.00000007, -0.00000001, 0.00000000,  ]
Error : 1.83506492
#################################
p19(X)
[ 1.14634227, -5.38129460, 28.84314005, -44.16920541, 31.80408761, -12.48996663, 2.67692793, -0.23314408, -0.01698857, 0.00254700, 0.00127568, -0.00035894, 0.00002916, 0.00000163, -0.00000043, 0.00000001, 0.00000000, -0.00000000, 0.00000000,  ]
Error : 0.59108972
#################################
p20(X)
[ 1.08395180, -2.96087572, 18.80350655, -28.28874022, 19.51771627, -7.62437055, 1.93205534, -0.37809919, 0.07135103, -0.01345069, 0.00201666, -0.00015818, -0.00000878, 0.00000336, -0.00000023, -0.00000001, 0.00000000, 0.00000000, -0.00000000, 0.00000000,  ]
Error : 0.49086974
#################################
p21(X)
[ 1.05228764, -0.96902983, 8.29104917, -7.04000631, -2.41020953, 5.42348114, -2.81312800, 0.70913120, -0.09398642, 0.00691618, -0.00060767, 0.00007618, -0.00000050, -0.00000025, -0.00000018, 0.00000003, -0.00000000, 0.00000000, -0.00000000, 0.00000000, -0.00000000,  ]
Error : 0.19593984
#################################
p22(X)
[ 1.08480931, -1.85473671, 10.61755065, -7.93870724, -4.52556078, 7.63446735, -3.29457909, 0.37517180, 0.15108315, -0.06067967, 0.00780605, 0.00001018, -0.00011382, 0.00001433, -0.00000126, 0.00000011, -0.00000000, -0.00000000, -0.00000000, 0.00000000, -0.00000000, 0.00000000,  ]
Error : 0.35042014
#################################
p23(X)
[ 1.20665314, -8.90880419, 47.59586485, -83.09567986, 73.52060762, -38.29730158, 12.22700128, -2.26042788, 0.16900679, 0.01576089, -0.00376462, 0.00012846, -0.00000239, 0.00000388, -0.00000008, -0.00000006, -0.00000000, 0.00000000, -0.00000000, -0.00000000, 0.00000000, 0.00000000, -0.00000000,  ]
Error : 0.88959070
#################################
p24(X)
[ 1.01234561, 0.90991229, -0.19919942, 7.69594523, -15.61799542, 12.61026808, -5.55400159, 1.54147979, -0.29789263, 0.04216923, -0.00415008, 0.00028462, -0.00003569, 0.00000680, -0.00000066, 0.00000006, -0.00000001, 0.00000000, 0.00000000, -0.00000000, -0.00000000, 0.00000000, -0.00000000, 0.00000000,  ]
Error : 0.13158232
#################################
p25(X)
[ 0.84405976, 8.04234362, -32.35876918, 64.49637449, -66.78798424, 38.36657110, -12.65892641, 2.33145286, -0.20455666, 0.00581775, -0.00155588, 0.00042118, -0.00001381, -0.00000387, 0.00000006, 0.00000006, -0.00000001, 0.00000000, -0.00000000, -0.00000000, 0.00000000, -0.00000000, -0.00000000, 0.00000000, -0.00000000,  ]
Error : 0.32758480
#################################
p26(X)
[ 1.00545389, 0.86865134, 0.98232905, 3.29516614, -8.43889225, 6.08620769, -1.91468015, 0.25151300, -0.01123491, 0.00523156, -0.00185967, 0.00015007, 0.00001222, -0.00000081, -0.00000019, -0.00000001, 0.00000000, 0.00000000, -0.00000000, 0.00000000, 0.00000000, 0.00000000, -0.00000000, 0.00000000, -0.00000000, 0.00000000,  ]
Error : 0.09179986
#################################
p27(X)
[ 0.99895589, 1.76731682, -4.82162348, 16.93362810, -24.31914322, 16.42780578, -5.82408716, 1.06594957, -0.07624537, -0.00159598, -0.00032641, 0.00016212, -0.00000601, 0.00000004, -0.00000024, 0.00000002, -0.00000000, 0.00000000, -0.00000000, -0.00000000, 0.00000000, 0.00000000, 0.00000000, -0.00000000, -0.00000000, 0.00000000, -0.00000000,  ]
Error : 0.03526871
#################################
p28(X)
[ 1.23428209, -8.59805494, 41.10131903, -59.82585446, 37.51521955, -8.47913555, -2.02555450, 1.62734364, -0.33627667, 0.00979541, 0.00499653, -0.00018052, -0.00008462, 0.00000002, 0.00000111, 0.00000011, -0.00000002, -0.00000000, -0.00000000, 0.00000000, -0.00000000, 0.00000000, -0.00000000, 0.00000000, 0.00000000, 0.00000000, -0.00000000, 0.00000000,  ]
Error : 1.57370434
#################################
p29(X)
[ 1.02686308, -0.37960703, 7.91223134, -12.04754663, 9.42279544, -6.16687230, 3.28266230, -1.11701085, 0.20251349, -0.01222534, -0.00115838, 0.00005071, 0.00002880, -0.00000135, -0.00000025, 0.00000001, 0.00000000, -0.00000000, 0.00000000, 0.00000000, -0.00000000, 0.00000000, -0.00000000, -0.00000000, 0.00000000, -0.00000000, 0.00000000, -0.00000000, 0.00000000,  ]
Error : 0.05180671
#################################
p30(X)
[ 1.02784912, -0.21725597, 6.38502903, -7.41409807, 2.65793973, -0.60726817, 0.52485462, -0.27973092, 0.05514316, -0.00040915, -0.00104587, 0.00004989, 0.00000859, 0.00000022, -0.00000012, 0.00000001, -0.00000000, -0.00000000, 0.00000000, 0.00000000, 0.00000000, -0.00000000, -0.00000000, -0.00000000, 0.00000000, 0.00000000, 0.00000000, -0.00000000, -0.00000000, 0.00000000,  ]
Error : 0.05518284
#################################
p31(X)
[ 1.24698012, -8.25273183, 38.56668601, -55.81623348, 37.13921953, -12.39811060, 1.78105122, 0.01357731, -0.00509450, -0.01207759, 0.00263854, -0.00008009, -0.00001607, -0.00000170, 0.00000040, 0.00000002, -0.00000000, -0.00000000, 0.00000000, 0.00000000, -0.00000000, -0.00000000, -0.00000000, 0.00000000, -0.00000000, -0.00000000, 0.00000000, -0.00000000, 0.00000000, 0.00000000, -0.00000000,  ]
Error : 1.09925280
#################################
p32(X)
[ 1.03082836, -0.17660916, 5.44212719, -3.84542678, -3.06641341, 4.26270224, -1.86553969, 0.39930703, -0.04273273, 0.00108723, 0.00048769, -0.00010098, 0.00000283, 0.00000120, -0.00000004, -0.00000001, -0.00000000, 0.00000000, 0.00000000, -0.00000000, -0.00000000, 0.00000000, 0.00000000, -0.00000000, -0.00000000, -0.00000000, 0.00000000, 0.00000000, -0.00000000, -0.00000000, -0.00000000, 0.00000000,  ]
Error : 0.07132132
#################################
p33(X)
[ 1.09610855, -3.11594704, 19.13782896, -28.96197729, 20.78636324, -8.86607745, 2.49895111, -0.45818774, 0.04122462, 0.00176563, -0.00066514, 0.00001240, 0.00000578, -0.00000075, 0.00000013, -0.00000001, -0.00000000, 0.00000000, -0.00000000, 0.00000000, 0.00000000, -0.00000000, 0.00000000, -0.00000000, -0.00000000, -0.00000000, -0.00000000, 0.00000000, 0.00000000, 0.00000000, -0.00000000, -0.00000000, 0.00000000,  ]
Error : 0.20196946
#################################
p34(X)
[ 1.08473756, -2.47078659, 15.98068225, -23.18859747, 15.71983411, -6.68236825, 2.20925794, -0.59081560, 0.10881531, -0.01078168, 0.00030585, 0.00000654, 0.00000162, 0.00000046, -0.00000010, 0.00000000, -0.00000000, 0.00000000, -0.00000000, 0.00000000, 0.00000000, -0.00000000, 0.00000000, 0.00000000, -0.00000000, -0.00000000, 0.00000000, -0.00000000, 0.00000000, -0.00000000, 0.00000000, 0.00000000, -0.00000000, 0.00000000,  ]
Error : 0.14765126
#################################
p35(X)
[ 1.01938143, 0.50899580, 1.92083604, 2.94452804, -9.48880910, 7.49880637, -2.69510511, 0.46806644, -0.03266887, 0.00082421, -0.00027493, 0.00000042, 0.00000791, 0.00000005, -0.00000007, -0.00000001, 0.00000000, 0.00000000, 0.00000000, -0.00000000, -0.00000000, -0.00000000, -0.00000000, 0.00000000, -0.00000000, 0.00000000, -0.00000000, -0.00000000, 0.00000000, 0.00000000, 0.00000000, -0.00000000, -0.00000000, 0.00000000, -0.00000000,  ]
Error : 0.03712900
#################################
p36(X)
[ 0.91962002, 5.32541995, -21.87182415, 49.42405645, -56.53966673, 34.91847065, -12.14772475, 2.28871530, -0.17376956, -0.00812562, 0.00125576, 0.00011800, 0.00000640, -0.00000478, 0.00000015, 0.00000001, 0.00000000, -0.00000000, 0.00000000, -0.00000000, 0.00000000, 0.00000000, -0.00000000, 0.00000000, -0.00000000, -0.00000000, 0.00000000, 0.00000000, 0.00000000, -0.00000000, -0.00000000, 0.00000000, 0.00000000, -0.00000000, 0.00000000, -0.00000000,  ]
Error : 0.06021222
#################################
p37(X)
[ 0.99071008, 1.46914068, -2.26449532, 10.71457565, -17.52745160, 12.66255649, -4.83815867, 1.04270336, -0.12940900, 0.01073730, -0.00100353, 0.00006866, 0.00000270, 0.00000049, -0.00000020, -0.00000001, 0.00000000, -0.00000000, -0.00000000, 0.00000000, 0.00000000, -0.00000000, -0.00000000, 0.00000000, -0.00000000, -0.00000000, 0.00000000, 0.00000000, -0.00000000, -0.00000000, 0.00000000, -0.00000000, 0.00000000, 0.00000000, -0.00000000, 0.00000000, 0.00000000,  ]
Error : 0.06215951
#################################
p38(X)
[ 1.06071210, -1.35354930, 10.65619967, -13.10569056, 5.64898194, -0.66199942, -0.09913915, 0.00407663, 0.00082360, 0.00371577, -0.00105913, 0.00004612, 0.00001160, -0.00000046, -0.00000012, -0.00000000, 0.00000000, 0.00000000, 0.00000000, -0.00000000, -0.00000000, 0.00000000, -0.00000000, 0.00000000, 0.00000000, 0.00000000, 0.00000000, -0.00000000, -0.00000000, 0.00000000, 0.00000000, 0.00000000, 0.00000000, -0.00000000, 0.00000000, -0.00000000, 0.00000000, -0.00000000,  ]
Error : 0.11425382
#################################
p39(X)
[ 1.07665096, -1.91888464, 12.50755593, -14.66586718, 5.05473410, 0.90595075, -0.98413955, 0.18614996, 0.01502170, -0.00941758, 0.00097327, 0.00000824, -0.00000293, 0.00000026, -0.00000021, 0.00000002, 0.00000000, -0.00000000, 0.00000000, -0.00000000, -0.00000000, 0.00000000, 0.00000000, 0.00000000, -0.00000000, -0.00000000, 0.00000000, 0.00000000, 0.00000000, 0.00000000, 0.00000000, -0.00000000, -0.00000000, 0.00000000, 0.00000000, -0.00000000, 0.00000000, -0.00000000, 0.00000000,  ]
Error : 0.17937987
#################################
p40(X)
[ 1.01599055, 0.81807016, 0.30417813, 5.96476036, -12.17245744, 8.72999513, -2.96230077, 0.47306672, -0.02246197, -0.00132767, -0.00013904, 0.00002618, 0.00000001, 0.00000077, -0.00000008, -0.00000000, -0.00000000, 0.00000000, 0.00000000, 0.00000000, -0.00000000, 0.00000000, -0.00000000, 0.00000000, -0.00000000, -0.00000000, -0.00000000, 0.00000000, 0.00000000, -0.00000000, 0.00000000, 0.00000000, -0.00000000, -0.00000000, 0.00000000, -0.00000000, -0.00000000, -0.00000000, 0.00000000, -0.00000000,  ]
Error : 0.01765929
#################################
p41(X)
[ 0.95050080, 2.98660515, -8.38646143, 19.98646006, -24.24452284, 15.09491298, -5.17967200, 0.98794455, -0.09139134, -0.00029348, 0.00101494, -0.00007398, -0.00001100, 0.00000174, 0.00000006, -0.00000001, 0.00000000, -0.00000000, 0.00000000, 0.00000000, -0.00000000, 0.00000000, 0.00000000, -0.00000000, -0.00000000, -0.00000000, 0.00000000, 0.00000000, -0.00000000, 0.00000000, -0.00000000, 0.00000000, -0.00000000, -0.00000000, -0.00000000, -0.00000000, 0.00000000, 0.00000000, 0.00000000, 0.00000000, -0.00000000,  ]
Error : 0.04885362
#################################
p42(X)
[ 1.02935226, -0.06689919, 4.82404830, -2.67338565, -3.95472331, 4.39060477, -1.65713953, 0.26312726, -0.00968999, -0.00058044, -0.00029783, 0.00004524, -0.00000000, -0.00000001, 0.00000002, -0.00000001, 0.00000000, 0.00000000, -0.00000000, 0.00000000, -0.00000000, 0.00000000, 0.00000000, 0.00000000, 0.00000000, -0.00000000, -0.00000000, 0.00000000, -0.00000000, 0.00000000, 0.00000000, -0.00000000, -0.00000000, 0.00000000, 0.00000000, -0.00000000, 0.00000000, 0.00000000, 0.00000000, -0.00000000, 0.00000000, -0.00000000,  ]
Error : 0.04191419
#################################
p43(X)
[ 1.02571735, -0.22748614, 6.81261730, -8.69540133, 3.98874773, -1.05617638, 0.38969132, -0.13909334, 0.02246154, -0.00129127, 0.00036078, -0.00010600, 0.00000751, -0.00000077, 0.00000023, -0.00000000, -0.00000000, -0.00000000, 0.00000000, 0.00000000, -0.00000000, 0.00000000, 0.00000000, -0.00000000, -0.00000000, -0.00000000, 0.00000000, -0.00000000, -0.00000000, -0.00000000, 0.00000000, -0.00000000, -0.00000000, -0.00000000, -0.00000000, 0.00000000, 0.00000000, -0.00000000, 0.00000000, 0.00000000, -0.00000000, 0.00000000, -0.00000000,  ]
Error : 0.07783433
#################################
p44(X)
[ 1.08041346, -1.76119405, 10.81498671, -9.83657574, -1.15329077, 5.19503354, -2.68585094, 0.56939149, -0.02761363, -0.00813371, 0.00075856, 0.00013456, -0.00001602, -0.00000135, 0.00000025, -0.00000002, 0.00000000, -0.00000000, -0.00000000, 0.00000000, 0.00000000, 0.00000000, 0.00000000, 0.00000000, -0.00000000, -0.00000000, -0.00000000, 0.00000000, 0.00000000, -0.00000000, -0.00000000, -0.00000000, 0.00000000, -0.00000000, 0.00000000, -0.00000000, -0.00000000, 0.00000000, 0.00000000, -0.00000000, -0.00000000, -0.00000000, 0.00000000, -0.00000000,  ]
Error : 0.15631289
#################################
p45(X)
[ 1.49182508, -22.17179991, 111.92434712, -206.78700642, 196.79693189, -108.81505004, 35.84949021, -6.53913162, 0.41943412, 0.05459249, -0.00875089, -0.00002456, -0.00003596, 0.00001482, 0.00000099, -0.00000025, -0.00000002, 0.00000000, 0.00000000, 0.00000000, -0.00000000, -0.00000000, -0.00000000, 0.00000000, 0.00000000, -0.00000000, 0.00000000, -0.00000000, 0.00000000, 0.00000000, -0.00000000, -0.00000000, -0.00000000, -0.00000000, 0.00000000, 0.00000000, -0.00000000, 0.00000000, -0.00000000, -0.00000000, 0.00000000, 0.00000000, -0.00000000, 0.00000000, -0.00000000,  ]
Error : 2.80227477
#################################
p46(X)
[ 1.06516987, -0.96188614, 7.68084639, -5.95907044, -2.47243114, 4.39317605, -1.90242573, 0.34956044, -0.01853918, -0.00181356, 0.00007319, 0.00001451, 0.00000152, -0.00000007, -0.00000001, -0.00000001, 0.00000000, 0.00000000, -0.00000000, 0.00000000, -0.00000000, -0.00000000, 0.00000000, -0.00000000, -0.00000000, 0.00000000, -0.00000000, 0.00000000, 0.00000000, -0.00000000, 0.00000000, 0.00000000, -0.00000000, 0.00000000, -0.00000000, 0.00000000, -0.00000000, 0.00000000, 0.00000000, 0.00000000, -0.00000000, 0.00000000, -0.00000000, 0.00000000, 0.00000000, -0.00000000,  ]
Error : 0.06291763
#################################
p47(X)
[ 1.09696733, -2.14726364, 12.98309018, -15.50299572, 6.49093246, -0.48197503, -0.31289108, 0.04650662, 0.01110441, -0.00255224, -0.00001888, 0.00003508, -0.00000362, 0.00000025, 0.00000004, -0.00000001, -0.00000000, -0.00000000, 0.00000000, 0.00000000, 0.00000000, -0.00000000, -0.00000000, 0.00000000, 0.00000000, -0.00000000, -0.00000000, 0.00000000, -0.00000000, -0.00000000, -0.00000000, 0.00000000, -0.00000000, -0.00000000, -0.00000000, -0.00000000, 0.00000000, -0.00000000, 0.00000000, -0.00000000, 0.00000000, -0.00000000, 0.00000000, -0.00000000, 0.00000000, -0.00000000, -0.00000000,  ]
Error : 0.10532966
#################################
p48(X)
[ 1.17539799, -5.38383175, 25.65722093, -32.50462185, 14.81496002, 0.43132687, -2.91033176, 1.12506174, -0.17581542, 0.00649992, 0.00054033, 0.00013922, -0.00001168, -0.00000440, 0.00000018, 0.00000005, 0.00000000, -0.00000000, -0.00000000, -0.00000000, -0.00000000, 0.00000000, 0.00000000, -0.00000000, -0.00000000, 0.00000000, -0.00000000, -0.00000000, 0.00000000, 0.00000000, 0.00000000, -0.00000000, -0.00000000, 0.00000000, -0.00000000, 0.00000000, -0.00000000, -0.00000000, 0.00000000, -0.00000000, -0.00000000, -0.00000000, 0.00000000, -0.00000000, 0.00000000, 0.00000000, 0.00000000, -0.00000000,  ]
Error : 0.56124709
#################################
p49(X)
[ 1.01921974, 4.28455646, -22.03641830, 54.93082153, -63.66672709, 38.17214871, -12.36632487, 2.01441489, -0.09891297, -0.00773607, -0.00113564, 0.00039158, -0.00001280, 0.00000091, -0.00000044, -0.00000001, 0.00000000, 0.00000000, 0.00000000, -0.00000000, 0.00000000, 0.00000000, -0.00000000, -0.00000000, 0.00000000, -0.00000000, 0.00000000, 0.00000000, -0.00000000, 0.00000000, 0.00000000, -0.00000000, 0.00000000, -0.00000000, 0.00000000, -0.00000000, 0.00000000, 0.00000000, -0.00000000, -0.00000000, -0.00000000, 0.00000000, 0.00000000, 0.00000000, -0.00000000, 0.00000000, -0.00000000, -0.00000000, 0.00000000,  ]
Error : 0.38689191
#################################
p50(X)
[ 0.88354871, 4.90288351, -15.20288272, 28.87232807, -28.92165556, 15.19311955, -4.18086672, 0.53383921, -0.01447514, -0.00065408, -0.00032435, -0.00000570, 0.00000101, 0.00000060, 0.00000027, -0.00000003, -0.00000000, -0.00000000, 0.00000000, 0.00000000, -0.00000000, -0.00000000, -0.00000000, 0.00000000, 0.00000000, -0.00000000, -0.00000000, 0.00000000, 0.00000000, -0.00000000, -0.00000000, 0.00000000, 0.00000000, -0.00000000, -0.00000000, -0.00000000, 0.00000000, -0.00000000, 0.00000000, 0.00000000, 0.00000000, -0.00000000, 0.00000000, 0.00000000, -0.00000000, 0.00000000, 0.00000000, -0.00000000, -0.00000000, 0.00000000,  ]
Error : 0.08063442
#################################
MIN Error is 40 , Error = 0.017659
